<html xmlns:math="http://exslt.org/math" xmlns:testng="http://testng.org">
   <head>
      <title>TestNG Results</title>
      <meta http-equiv="content-type" content="text/html; charset=utf-8"></meta>
      <meta http-equiv="pragma" content="no-cache"></meta>
      <meta http-equiv="cache-control" content="max-age=0"></meta>
      <meta http-equiv="cache-control" content="no-cache"></meta>
      <meta http-equiv="cache-control" content="no-store"></meta>
      <LINK rel="stylesheet" href="style.css"></LINK>
      <script type="text/javascript" src="main.js"></script>
   </head>
   <body>
      <table width="100%" style="font-size: 16px; margin-bottom: 10px;" cellspacing="1">
         <tr>
            <td width="100%">
               All methods in suite
               
               <b>Suite</b>
            </td>
            <td style="background-color: #FFBBBB; padding: 3px 3px 3px 0;" align="center">
               <div style="width: 50px;">4</div>
            </td>
            <td style="background-color: lightgreen; padding: 3px 3px 3px 0;" align="center">
               <div style="width: 50px;">3</div>
            </td>
            <td style="background-color: #FFFFBB; padding: 3px 3px 3px 0;" align="center">
               <div style="width: 50px;">0</div>
            </td>
            <td align="center" style="background-color: #eaf0f7; padding: 3px 3px 3px 0;">
               <div style="width: 50px;">7</div>
            </td>
            <td align="center"
                style="font-weight: bold; background-color: #eaf0f7; padding: 3px 3px 3px 0;">
               <div style="width: 50px;">43%</div>
            </td>
            <td style="background-color: #eaf0f7; padding: 3px 3px 3px 0;" align="center"
                nowrap="true">1m
               33s
               
            </td>
         </tr>
      </table>
      <div style="width: 200px;">
         <label for="groupMethodsCheckBox" style="font-weight: bold; margin: 0;">
            <input id="groupMethodsCheckBox" type="checkbox" onclick="switchTestMethodsView(this)"
                   checked=""></input>
            Group by class
            
         </label>
         <br></br>
         <label for="methodsFilter_ALL" style="font-weight: bold; margin: 0;">
            <input id="methodsFilter_ALL" type="checkbox"
                   onclick="testMethodsFilterChanged(this, 'ALL')"
                   checked=""></input>
            All
            
         </label>
      </div>
      <label for="methodsFilter_FAIL" style="margin-left: 20px;">
         <input id="methodsFilter_FAIL" type="checkbox"
                onclick="testMethodsFilterChanged(this, 'FAIL')"
                checked=""></input>
         Failed
         
      </label>
      <label for="methodsFilter_PASS">
         <input id="methodsFilter_PASS" type="checkbox"
                onclick="testMethodsFilterChanged(this, 'PASS')"
                checked=""></input>
         Passed
         
      </label>
      <label for="methodsFilter_SKIP">
         <input id="methodsFilter_SKIP" type="checkbox"
                onclick="testMethodsFilterChanged(this, 'SKIP')"
                checked=""></input>
         Skipped
         
      </label>
      <label for="methodsFilter_CONF">
         <input id="methodsFilter_CONF" type="checkbox"
                onclick="testMethodsFilterChanged(this, 'CONF')"
                checked=""></input>
         Config
         
      </label>
      <br></br>
      <div id="testMethodsByStatus" style="display: none;">
         <table class="testMethodsTable" cellpadding="0" cellspacing="0">
            <tr class="methodsTableHeader">
               <td width="100%">Name</td>
               <td nowrap="true">Started</td>
               <td nowrap="true">Duration</td>
               <td>Exception</td>
            </tr>
            <tr id="com.test.ng.DeleteMail_deleteMail_byStatus_failed_FAIL1_row"
                class="testMethodStatusFAIL">
               <td width="100%" class="firstMethodCell">
                  <a onclick="toggleDetailsVisibility('com.test.ng.DeleteMail_deleteMail_byStatus_failed_FAIL1_details')">deleteMail()</a>
               </td>
               <td nowrap="true">17:42:56</td>
               <td nowrap="true" align="right">16s
                  
               </td>
               <td nowrap="true">
                  <a onclick="toggleDetailsVisibility('com.test.ng.DeleteMail_deleteMail_byStatus_failed_FAIL1_exception')">java.lang.IndexOutOfBoundsException: 
                     Index: 1, Size: 1
                     
                  </a>
                   
                  
               </td>
            </tr>
            <tr>
               <td colspan="4" class="detailsBox">
                  <div id="com.test.ng.DeleteMail_deleteMail_byStatus_failed_FAIL1_details"
                       class="testMethodDetails">
                     <div>
                        <b>Name: </b>deleteMail
                     </div>
                     <div>
                        <b>Signature: </b>deleteMail()[pri:0, instance:com.test.ng.DeleteMail@d70c109]
                     </div>
                     <div>
                        <b>Start time: </b>17:42:56
                     </div>
                     <div>
                        <b>End time: </b>17:43:12
                     </div>
                     <div>
                        <b>Duration: </b>16s
                        
                     </div>
                  </div>
               </td>
            </tr>
            <tr>
               <td colspan="4" class="detailsBox">
                  <div id="com.test.ng.DeleteMail_deleteMail_byStatus_failed_FAIL1_exception"
                       class="testMethodDetails">
                     <pre style="padding: 5px; margin: 0;">java.lang.IndexOutOfBoundsException: Index: 1, Size: 1
                        	at java.util.ArrayList.rangeCheck(ArrayList.java:653)
                        	at java.util.ArrayList.get(ArrayList.java:429)
                        	at com.test.ng.DeleteMail.deleteMail(DeleteMail.java:65)
                        	at sun.reflect.NativeMethodAccessorImpl.invoke0(Native Method)
                        	at sun.reflect.NativeMethodAccessorImpl.invoke(NativeMethodAccessorImpl.java:62)
                        	at sun.reflect.DelegatingMethodAccessorImpl.invoke(DelegatingMethodAccessorImpl.java:43)
                        	at java.lang.reflect.Method.invoke(Method.java:498)
                        	at org.testng.internal.MethodInvocationHelper.invokeMethod(MethodInvocationHelper.java:84)
                        	at org.testng.internal.Invoker.invokeMethod(Invoker.java:714)
                        	at org.testng.internal.Invoker.invokeTestMethod(Invoker.java:901)
                        	at org.testng.internal.Invoker.invokeTestMethods(Invoker.java:1231)
                        	at org.testng.internal.TestMethodWorker.invokeTestMethods(TestMethodWorker.java:127)
                        	at org.testng.internal.TestMethodWorker.run(TestMethodWorker.java:111)
                        	at java.util.concurrent.ThreadPoolExecutor.runWorker(ThreadPoolExecutor.java:1142)
                        	at java.util.concurrent.ThreadPoolExecutor$Worker.run(ThreadPoolExecutor.java:617)
                        	at java.lang.Thread.run(Thread.java:745)
                     </pre>
                  </div>
               </td>
            </tr>
            <tr id="com.test.ng.DeleteMail_deleteMail_byStatus_failed_FAIL2_row"
                class="testMethodStatusFAIL">
               <td width="100%" class="firstMethodCell">
                  <a onclick="toggleDetailsVisibility('com.test.ng.DeleteMail_deleteMail_byStatus_failed_FAIL2_details')">deleteMail()</a>
               </td>
               <td nowrap="true">17:43:21</td>
               <td nowrap="true" align="right">15s
                  
               </td>
               <td nowrap="true">
                  <a onclick="toggleDetailsVisibility('com.test.ng.DeleteMail_deleteMail_byStatus_failed_FAIL2_exception')">java.lang.IndexOutOfBoundsException: 
                     Index: 1, Size: 1
                     
                  </a>
                   
                  
               </td>
            </tr>
            <tr>
               <td colspan="4" class="detailsBox">
                  <div id="com.test.ng.DeleteMail_deleteMail_byStatus_failed_FAIL2_details"
                       class="testMethodDetails">
                     <div>
                        <b>Name: </b>deleteMail
                     </div>
                     <div>
                        <b>Signature: </b>deleteMail()[pri:0, instance:com.test.ng.DeleteMail@d70c109]
                     </div>
                     <div>
                        <b>Start time: </b>17:43:21
                     </div>
                     <div>
                        <b>End time: </b>17:43:37
                     </div>
                     <div>
                        <b>Duration: </b>15s
                        
                     </div>
                  </div>
               </td>
            </tr>
            <tr>
               <td colspan="4" class="detailsBox">
                  <div id="com.test.ng.DeleteMail_deleteMail_byStatus_failed_FAIL2_exception"
                       class="testMethodDetails">
                     <pre style="padding: 5px; margin: 0;">java.lang.IndexOutOfBoundsException: Index: 1, Size: 1
                        	at java.util.ArrayList.rangeCheck(ArrayList.java:653)
                        	at java.util.ArrayList.get(ArrayList.java:429)
                        	at com.test.ng.DeleteMail.deleteMail(DeleteMail.java:65)
                        	at sun.reflect.NativeMethodAccessorImpl.invoke0(Native Method)
                        	at sun.reflect.NativeMethodAccessorImpl.invoke(NativeMethodAccessorImpl.java:62)
                        	at sun.reflect.DelegatingMethodAccessorImpl.invoke(DelegatingMethodAccessorImpl.java:43)
                        	at java.lang.reflect.Method.invoke(Method.java:498)
                        	at org.testng.internal.MethodInvocationHelper.invokeMethod(MethodInvocationHelper.java:84)
                        	at org.testng.internal.Invoker.invokeMethod(Invoker.java:714)
                        	at org.testng.internal.Invoker.retryFailed(Invoker.java:1049)
                        	at org.testng.internal.Invoker.invokeTestMethods(Invoker.java:1254)
                        	at org.testng.internal.TestMethodWorker.invokeTestMethods(TestMethodWorker.java:127)
                        	at org.testng.internal.TestMethodWorker.run(TestMethodWorker.java:111)
                        	at java.util.concurrent.ThreadPoolExecutor.runWorker(ThreadPoolExecutor.java:1142)
                        	at java.util.concurrent.ThreadPoolExecutor$Worker.run(ThreadPoolExecutor.java:617)
                        	at java.lang.Thread.run(Thread.java:745)
                     </pre>
                  </div>
               </td>
            </tr>
            <tr id="com.test.ng.DeleteMail_deleteMail_byStatus_failed_FAIL3_row"
                class="testMethodStatusFAIL">
               <td width="100%" class="firstMethodCell">
                  <a onclick="toggleDetailsVisibility('com.test.ng.DeleteMail_deleteMail_byStatus_failed_FAIL3_details')">deleteMail()</a>
               </td>
               <td nowrap="true">17:43:44</td>
               <td nowrap="true" align="right">18s
                  
               </td>
               <td nowrap="true">
                  <a onclick="toggleDetailsVisibility('com.test.ng.DeleteMail_deleteMail_byStatus_failed_FAIL3_exception')">org.openqa.selenium.NoSuchElementException: 
                     no such element: Unable to locate element: {"method":"xpath","selector":"//span[text()='�ѷ���']"}
                     (Session info: chrome=68.0.3440.84)
                     (Driver info: chromedriver=2.41.578737 (49da6702b16031c40d63e5618de03a32ff6c197e),platform=Windows NT 10.0.10586 x86_64) (WARNING:
                     The server did not provide any stacktrace information)
                     Command duration or timeout: 10.08 seconds
                     For documentation on this error, please visit: http://seleniumhq.org/exceptions/no_such_element.html
                     Build info: version: '2.44.0', revision: '76d78cf', time: '2014-10-23 20:03:00'
                     System info: host: 'DEEP-1808222042', ip: '169.254.25.116', os.name: 'Windows 10', os.arch: 'amd64', os.version: '10.0', java.version:
                     '1.8.0_101'
                     Driver info: org.openqa.selenium.chrome.ChromeDriver
                     Capabilities [{mobileEmulationEnabled=false, hasTouchScreen=false, platform=XP, acceptSslCerts=false, goog:chromeOptions={debuggerAddress=localhost:14266},
                     acceptInsecureCerts=false, webStorageEnabled=true, browserName=chrome, takesScreenshot=true, javascriptEnabled=true, setWindowRect=true,
                     unexpectedAlertBehaviour=, applicationCacheEnabled=false, rotatable=false, networkConnectionEnabled=false, chrome={chromedriverVersion=2.41.578737
                     (49da6702b16031c40d63e5618de03a32ff6c197e), userDataDir=C:\Users\ADMINI~1\AppData\Local\Temp\scoped_dir4852_10284}, takesHeapSnapshot=true,
                     pageLoadStrategy=normal, databaseEnabled=false, handlesAlerts=true, version=68.0.3440.84, browserConnectionEnabled=false,
                     nativeEvents=true, locationContextEnabled=true, cssSelectorsEnabled=true}]
                     Session ID: 465704c143cfe70fcf98ab86043073ff
                     
                  </a>
                   
                  
               </td>
            </tr>
            <tr>
               <td colspan="4" class="detailsBox">
                  <div id="com.test.ng.DeleteMail_deleteMail_byStatus_failed_FAIL3_details"
                       class="testMethodDetails">
                     <div>
                        <b>Name: </b>deleteMail
                     </div>
                     <div>
                        <b>Signature: </b>deleteMail()[pri:0, instance:com.test.ng.DeleteMail@d70c109]
                     </div>
                     <div>
                        <b>Start time: </b>17:43:44
                     </div>
                     <div>
                        <b>End time: </b>17:44:02
                     </div>
                     <div>
                        <b>Duration: </b>18s
                        
                     </div>
                  </div>
               </td>
            </tr>
            <tr>
               <td colspan="4" class="detailsBox">
                  <div id="com.test.ng.DeleteMail_deleteMail_byStatus_failed_FAIL3_exception"
                       class="testMethodDetails">
                     <pre style="padding: 5px; margin: 0;">org.openqa.selenium.NoSuchElementException: no such element: Unable to locate element: {"method":"xpath","selector":"//span[text()='�ѷ���']"}
                        (Session info: chrome=68.0.3440.84)
                        (Driver info: chromedriver=2.41.578737 (49da6702b16031c40d63e5618de03a32ff6c197e),platform=Windows NT 10.0.10586 x86_64) (WARNING:
                        The server did not provide any stacktrace information)
                        Command duration or timeout: 10.08 seconds
                        For documentation on this error, please visit: http://seleniumhq.org/exceptions/no_such_element.html
                        Build info: version: '2.44.0', revision: '76d78cf', time: '2014-10-23 20:03:00'
                        System info: host: 'DEEP-1808222042', ip: '169.254.25.116', os.name: 'Windows 10', os.arch: 'amd64', os.version: '10.0', java.version:
                        '1.8.0_101'
                        Driver info: org.openqa.selenium.chrome.ChromeDriver
                        Capabilities [{mobileEmulationEnabled=false, hasTouchScreen=false, platform=XP, acceptSslCerts=false, goog:chromeOptions={debuggerAddress=localhost:14266},
                        acceptInsecureCerts=false, webStorageEnabled=true, browserName=chrome, takesScreenshot=true, javascriptEnabled=true, setWindowRect=true,
                        unexpectedAlertBehaviour=, applicationCacheEnabled=false, rotatable=false, networkConnectionEnabled=false, chrome={chromedriverVersion=2.41.578737
                        (49da6702b16031c40d63e5618de03a32ff6c197e), userDataDir=C:\Users\ADMINI~1\AppData\Local\Temp\scoped_dir4852_10284}, takesHeapSnapshot=true,
                        pageLoadStrategy=normal, databaseEnabled=false, handlesAlerts=true, version=68.0.3440.84, browserConnectionEnabled=false,
                        nativeEvents=true, locationContextEnabled=true, cssSelectorsEnabled=true}]
                        Session ID: 465704c143cfe70fcf98ab86043073ff
                        	at sun.reflect.NativeConstructorAccessorImpl.newInstance0(Native Method)
                        	at sun.reflect.NativeConstructorAccessorImpl.newInstance(NativeConstructorAccessorImpl.java:62)
                        	at sun.reflect.DelegatingConstructorAccessorImpl.newInstance(DelegatingConstructorAccessorImpl.java:45)
                        	at java.lang.reflect.Constructor.newInstance(Constructor.java:423)
                        	at org.openqa.selenium.remote.ErrorHandler.createThrowable(ErrorHandler.java:204)
                        	at org.openqa.selenium.remote.ErrorHandler.throwIfResponseFailed(ErrorHandler.java:156)
                        	at org.openqa.selenium.remote.RemoteWebDriver.execute(RemoteWebDriver.java:599)
                        	at org.openqa.selenium.remote.RemoteWebDriver.findElement(RemoteWebDriver.java:352)
                        	at org.openqa.selenium.remote.RemoteWebDriver.findElementByXPath(RemoteWebDriver.java:449)
                        	at org.openqa.selenium.By$ByXPath.findElement(By.java:357)
                        	at org.openqa.selenium.remote.RemoteWebDriver.findElement(RemoteWebDriver.java:344)
                        	at com.test.ng.DeleteMail.deleteMail(DeleteMail.java:60)
                        	at sun.reflect.NativeMethodAccessorImpl.invoke0(Native Method)
                        	at sun.reflect.NativeMethodAccessorImpl.invoke(NativeMethodAccessorImpl.java:62)
                        	at sun.reflect.DelegatingMethodAccessorImpl.invoke(DelegatingMethodAccessorImpl.java:43)
                        	at java.lang.reflect.Method.invoke(Method.java:498)
                        	at org.testng.internal.MethodInvocationHelper.invokeMethod(MethodInvocationHelper.java:84)
                        	at org.testng.internal.Invoker.invokeMethod(Invoker.java:714)
                        	at org.testng.internal.Invoker.retryFailed(Invoker.java:1049)
                        	at org.testng.internal.Invoker.invokeTestMethods(Invoker.java:1254)
                        	at org.testng.internal.TestMethodWorker.invokeTestMethods(TestMethodWorker.java:127)
                        	at org.testng.internal.TestMethodWorker.run(TestMethodWorker.java:111)
                        	at java.util.concurrent.ThreadPoolExecutor.runWorker(ThreadPoolExecutor.java:1142)
                        	at java.util.concurrent.ThreadPoolExecutor$Worker.run(ThreadPoolExecutor.java:617)
                        	at java.lang.Thread.run(Thread.java:745)
                     </pre>
                  </div>
               </td>
            </tr>
            <tr id="com.test.ng.DeleteMail_deleteMail_byStatus_failed_FAIL4_row"
                class="testMethodStatusFAIL">
               <td width="100%" class="firstMethodCell">
                  <a onclick="toggleDetailsVisibility('com.test.ng.DeleteMail_deleteMail_byStatus_failed_FAIL4_details')">deleteMail()</a>
               </td>
               <td nowrap="true">17:44:08</td>
               <td nowrap="true" align="right">14s
                  
               </td>
               <td nowrap="true">
                  <a onclick="toggleDetailsVisibility('com.test.ng.DeleteMail_deleteMail_byStatus_failed_FAIL4_exception')">org.openqa.selenium.NoSuchElementException: 
                     no such element: Unable to locate element: {"method":"xpath","selector":"//span[text()='�ѷ���']"}
                     (Session info: chrome=68.0.3440.84)
                     (Driver info: chromedriver=2.41.578737 (49da6702b16031c40d63e5618de03a32ff6c197e),platform=Windows NT 10.0.10586 x86_64) (WARNING:
                     The server did not provide any stacktrace information)
                     Command duration or timeout: 10.02 seconds
                     For documentation on this error, please visit: http://seleniumhq.org/exceptions/no_such_element.html
                     Build info: version: '2.44.0', revision: '76d78cf', time: '2014-10-23 20:03:00'
                     System info: host: 'DEEP-1808222042', ip: '169.254.25.116', os.name: 'Windows 10', os.arch: 'amd64', os.version: '10.0', java.version:
                     '1.8.0_101'
                     Driver info: org.openqa.selenium.chrome.ChromeDriver
                     Capabilities [{mobileEmulationEnabled=false, hasTouchScreen=false, platform=XP, acceptSslCerts=false, goog:chromeOptions={debuggerAddress=localhost:14338},
                     acceptInsecureCerts=false, webStorageEnabled=true, browserName=chrome, takesScreenshot=true, javascriptEnabled=true, setWindowRect=true,
                     unexpectedAlertBehaviour=, applicationCacheEnabled=false, rotatable=false, networkConnectionEnabled=false, chrome={chromedriverVersion=2.41.578737
                     (49da6702b16031c40d63e5618de03a32ff6c197e), userDataDir=C:\Users\ADMINI~1\AppData\Local\Temp\scoped_dir8424_1149}, takesHeapSnapshot=true,
                     pageLoadStrategy=normal, databaseEnabled=false, handlesAlerts=true, version=68.0.3440.84, browserConnectionEnabled=false,
                     nativeEvents=true, locationContextEnabled=true, cssSelectorsEnabled=true}]
                     Session ID: 1a651fda64767b6d726e978781ff5ec6
                     
                  </a>
                   
                  
               </td>
            </tr>
            <tr>
               <td colspan="4" class="detailsBox">
                  <div id="com.test.ng.DeleteMail_deleteMail_byStatus_failed_FAIL4_details"
                       class="testMethodDetails">
                     <div>
                        <b>Name: </b>deleteMail
                     </div>
                     <div>
                        <b>Signature: </b>deleteMail()[pri:0, instance:com.test.ng.DeleteMail@d70c109]
                     </div>
                     <div>
                        <b>Start time: </b>17:44:08
                     </div>
                     <div>
                        <b>End time: </b>17:44:23
                     </div>
                     <div>
                        <b>Duration: </b>14s
                        
                     </div>
                  </div>
               </td>
            </tr>
            <tr>
               <td colspan="4" class="detailsBox">
                  <div id="com.test.ng.DeleteMail_deleteMail_byStatus_failed_FAIL4_exception"
                       class="testMethodDetails">
                     <pre style="padding: 5px; margin: 0;">org.openqa.selenium.NoSuchElementException: no such element: Unable to locate element: {"method":"xpath","selector":"//span[text()='�ѷ���']"}
                        (Session info: chrome=68.0.3440.84)
                        (Driver info: chromedriver=2.41.578737 (49da6702b16031c40d63e5618de03a32ff6c197e),platform=Windows NT 10.0.10586 x86_64) (WARNING:
                        The server did not provide any stacktrace information)
                        Command duration or timeout: 10.02 seconds
                        For documentation on this error, please visit: http://seleniumhq.org/exceptions/no_such_element.html
                        Build info: version: '2.44.0', revision: '76d78cf', time: '2014-10-23 20:03:00'
                        System info: host: 'DEEP-1808222042', ip: '169.254.25.116', os.name: 'Windows 10', os.arch: 'amd64', os.version: '10.0', java.version:
                        '1.8.0_101'
                        Driver info: org.openqa.selenium.chrome.ChromeDriver
                        Capabilities [{mobileEmulationEnabled=false, hasTouchScreen=false, platform=XP, acceptSslCerts=false, goog:chromeOptions={debuggerAddress=localhost:14338},
                        acceptInsecureCerts=false, webStorageEnabled=true, browserName=chrome, takesScreenshot=true, javascriptEnabled=true, setWindowRect=true,
                        unexpectedAlertBehaviour=, applicationCacheEnabled=false, rotatable=false, networkConnectionEnabled=false, chrome={chromedriverVersion=2.41.578737
                        (49da6702b16031c40d63e5618de03a32ff6c197e), userDataDir=C:\Users\ADMINI~1\AppData\Local\Temp\scoped_dir8424_1149}, takesHeapSnapshot=true,
                        pageLoadStrategy=normal, databaseEnabled=false, handlesAlerts=true, version=68.0.3440.84, browserConnectionEnabled=false,
                        nativeEvents=true, locationContextEnabled=true, cssSelectorsEnabled=true}]
                        Session ID: 1a651fda64767b6d726e978781ff5ec6
                        	at sun.reflect.NativeConstructorAccessorImpl.newInstance0(Native Method)
                        	at sun.reflect.NativeConstructorAccessorImpl.newInstance(NativeConstructorAccessorImpl.java:62)
                        	at sun.reflect.DelegatingConstructorAccessorImpl.newInstance(DelegatingConstructorAccessorImpl.java:45)
                        	at java.lang.reflect.Constructor.newInstance(Constructor.java:423)
                        	at org.openqa.selenium.remote.ErrorHandler.createThrowable(ErrorHandler.java:204)
                        	at org.openqa.selenium.remote.ErrorHandler.throwIfResponseFailed(ErrorHandler.java:156)
                        	at org.openqa.selenium.remote.RemoteWebDriver.execute(RemoteWebDriver.java:599)
                        	at org.openqa.selenium.remote.RemoteWebDriver.findElement(RemoteWebDriver.java:352)
                        	at org.openqa.selenium.remote.RemoteWebDriver.findElementByXPath(RemoteWebDriver.java:449)
                        	at org.openqa.selenium.By$ByXPath.findElement(By.java:357)
                        	at org.openqa.selenium.remote.RemoteWebDriver.findElement(RemoteWebDriver.java:344)
                        	at com.test.ng.DeleteMail.deleteMail(DeleteMail.java:60)
                        	at sun.reflect.NativeMethodAccessorImpl.invoke0(Native Method)
                        	at sun.reflect.NativeMethodAccessorImpl.invoke(NativeMethodAccessorImpl.java:62)
                        	at sun.reflect.DelegatingMethodAccessorImpl.invoke(DelegatingMethodAccessorImpl.java:43)
                        	at java.lang.reflect.Method.invoke(Method.java:498)
                        	at org.testng.internal.MethodInvocationHelper.invokeMethod(MethodInvocationHelper.java:84)
                        	at org.testng.internal.Invoker.invokeMethod(Invoker.java:714)
                        	at org.testng.internal.Invoker.retryFailed(Invoker.java:1049)
                        	at org.testng.internal.Invoker.invokeTestMethods(Invoker.java:1254)
                        	at org.testng.internal.TestMethodWorker.invokeTestMethods(TestMethodWorker.java:127)
                        	at org.testng.internal.TestMethodWorker.run(TestMethodWorker.java:111)
                        	at java.util.concurrent.ThreadPoolExecutor.runWorker(ThreadPoolExecutor.java:1142)
                        	at java.util.concurrent.ThreadPoolExecutor$Worker.run(ThreadPoolExecutor.java:617)
                        	at java.lang.Thread.run(Thread.java:745)
                     </pre>
                  </div>
               </td>
            </tr>
            <tr id="com.test.ng.TestLoginFail_setUp_byStatus_passed_PASS1_row"
                class="testMethodStatusPASS testMethodStatusCONF">
               <td width="100%" class="firstMethodCell">
                  <a onclick="toggleDetailsVisibility('com.test.ng.TestLoginFail_setUp_byStatus_passed_PASS1_details')">setUp()</a>
               </td>
               <td nowrap="true">17:43:38</td>
               <td nowrap="true" align="right">3s
                  
               </td>
               <td nowrap="true">
                   
                  
               </td>
            </tr>
            <tr>
               <td colspan="4" class="detailsBox">
                  <div id="com.test.ng.TestLoginFail_setUp_byStatus_passed_PASS1_details"
                       class="testMethodDetails">
                     <div>
                        <b>Name: </b>setUp
                     </div>
                     <div>
                        <b>Signature: </b>setUp()[pri:0, instance:com.test.ng.TestLoginFail@2be94b0f]
                     </div>
                     <div>
                        <b>Start time: </b>17:43:38
                     </div>
                     <div>
                        <b>End time: </b>17:43:42
                     </div>
                     <div>
                        <b>Duration: </b>3s
                        
                     </div>
                  </div>
               </td>
            </tr>
            <tr></tr>
            <tr id="com.test.ng.TestLoginFail_testLoginfail_byStatus_passed_PASS2_row"
                class="testMethodStatusPASS">
               <td width="100%" class="firstMethodCell">
                  <a onclick="toggleDetailsVisibility('com.test.ng.TestLoginFail_testLoginfail_byStatus_passed_PASS2_details')">testLoginfail()</a>
               </td>
               <td nowrap="true">17:43:42</td>
               <td nowrap="true" align="right">18s
                  
               </td>
               <td nowrap="true">
                   
                  
               </td>
            </tr>
            <tr>
               <td colspan="4" class="detailsBox">
                  <div id="com.test.ng.TestLoginFail_testLoginfail_byStatus_passed_PASS2_details"
                       class="testMethodDetails">
                     <div>
                        <b>Name: </b>testLoginfail
                     </div>
                     <div>
                        <b>Signature: </b>testLoginfail()[pri:0, instance:com.test.ng.TestLoginFail@2be94b0f]
                     </div>
                     <div>
                        <b>Start time: </b>17:43:42
                     </div>
                     <div>
                        <b>End time: </b>17:44:01
                     </div>
                     <div>
                        <b>Duration: </b>18s
                        
                     </div>
                  </div>
               </td>
            </tr>
            <tr></tr>
            <tr id="com.test.ng.TestLoginFail_tearDown_byStatus_passed_PASS3_row"
                class="testMethodStatusPASS testMethodStatusCONF">
               <td width="100%" class="firstMethodCell">
                  <a onclick="toggleDetailsVisibility('com.test.ng.TestLoginFail_tearDown_byStatus_passed_PASS3_details')">tearDown()</a>
               </td>
               <td nowrap="true">17:44:01</td>
               <td nowrap="true" align="right">3s
                  
               </td>
               <td nowrap="true">
                   
                  
               </td>
            </tr>
            <tr>
               <td colspan="4" class="detailsBox">
                  <div id="com.test.ng.TestLoginFail_tearDown_byStatus_passed_PASS3_details"
                       class="testMethodDetails">
                     <div>
                        <b>Name: </b>tearDown
                     </div>
                     <div>
                        <b>Signature: </b>tearDown()[pri:0, instance:com.test.ng.TestLoginFail@2be94b0f]
                     </div>
                     <div>
                        <b>Start time: </b>17:44:01
                     </div>
                     <div>
                        <b>End time: </b>17:44:04
                     </div>
                     <div>
                        <b>Duration: </b>3s
                        
                     </div>
                  </div>
               </td>
            </tr>
            <tr></tr>
            <tr id="com.test.ng.CreateAndSendMail_setUp_byStatus_passed_PASS4_row"
                class="testMethodStatusPASS testMethodStatusCONF">
               <td width="100%" class="firstMethodCell">
                  <a onclick="toggleDetailsVisibility('com.test.ng.CreateAndSendMail_setUp_byStatus_passed_PASS4_details')">setUp()</a>
               </td>
               <td nowrap="true">17:42:52</td>
               <td nowrap="true" align="right">3s
                  
               </td>
               <td nowrap="true">
                   
                  
               </td>
            </tr>
            <tr>
               <td colspan="4" class="detailsBox">
                  <div id="com.test.ng.CreateAndSendMail_setUp_byStatus_passed_PASS4_details"
                       class="testMethodDetails">
                     <div>
                        <b>Name: </b>setUp
                     </div>
                     <div>
                        <b>Signature: </b>setUp()[pri:0, instance:com.test.ng.CreateAndSendMail@6aceb1a5]
                     </div>
                     <div>
                        <b>Start time: </b>17:42:52
                     </div>
                     <div>
                        <b>End time: </b>17:42:56
                     </div>
                     <div>
                        <b>Duration: </b>3s
                        
                     </div>
                  </div>
               </td>
            </tr>
            <tr></tr>
            <tr id="com.test.ng.CreateAndSendMail_createMail_byStatus_passed_PASS5_row"
                class="testMethodStatusPASS">
               <td width="100%" class="firstMethodCell">
                  <a onclick="toggleDetailsVisibility('com.test.ng.CreateAndSendMail_createMail_byStatus_passed_PASS5_details')">createMail()</a>
               </td>
               <td nowrap="true">17:42:56</td>
               <td nowrap="true" align="right">19s
                  
               </td>
               <td nowrap="true">
                   
                  
               </td>
            </tr>
            <tr>
               <td colspan="4" class="detailsBox">
                  <div id="com.test.ng.CreateAndSendMail_createMail_byStatus_passed_PASS5_details"
                       class="testMethodDetails">
                     <div>
                        <b>Name: </b>createMail
                     </div>
                     <div>
                        <b>Signature: </b>createMail()[pri:0, instance:com.test.ng.CreateAndSendMail@6aceb1a5]
                     </div>
                     <div>
                        <b>Start time: </b>17:42:56
                     </div>
                     <div>
                        <b>End time: </b>17:43:15
                     </div>
                     <div>
                        <b>Duration: </b>19s
                        
                     </div>
                  </div>
               </td>
            </tr>
            <tr></tr>
            <tr id="com.test.ng.CreateAndSendMail_tearDown_byStatus_passed_PASS6_row"
                class="testMethodStatusPASS testMethodStatusCONF">
               <td width="100%" class="firstMethodCell">
                  <a onclick="toggleDetailsVisibility('com.test.ng.CreateAndSendMail_tearDown_byStatus_passed_PASS6_details')">tearDown()</a>
               </td>
               <td nowrap="true">17:43:15</td>
               <td nowrap="true" align="right">3s
                  
               </td>
               <td nowrap="true">
                   
                  
               </td>
            </tr>
            <tr>
               <td colspan="4" class="detailsBox">
                  <div id="com.test.ng.CreateAndSendMail_tearDown_byStatus_passed_PASS6_details"
                       class="testMethodDetails">
                     <div>
                        <b>Name: </b>tearDown
                     </div>
                     <div>
                        <b>Signature: </b>tearDown()[pri:0, instance:com.test.ng.CreateAndSendMail@6aceb1a5]
                     </div>
                     <div>
                        <b>Start time: </b>17:43:15
                     </div>
                     <div>
                        <b>End time: </b>17:43:18
                     </div>
                     <div>
                        <b>Duration: </b>3s
                        
                     </div>
                  </div>
               </td>
            </tr>
            <tr></tr>
            <tr id="com.test.ng.DeleteMail_setUp_byStatus_passed_PASS7_row"
                class="testMethodStatusPASS testMethodStatusCONF">
               <td width="100%" class="firstMethodCell">
                  <a onclick="toggleDetailsVisibility('com.test.ng.DeleteMail_setUp_byStatus_passed_PASS7_details')">setUp()</a>
               </td>
               <td nowrap="true">17:42:52</td>
               <td nowrap="true" align="right">3s
                  
               </td>
               <td nowrap="true">
                   
                  
               </td>
            </tr>
            <tr>
               <td colspan="4" class="detailsBox">
                  <div id="com.test.ng.DeleteMail_setUp_byStatus_passed_PASS7_details"
                       class="testMethodDetails">
                     <div>
                        <b>Name: </b>setUp
                     </div>
                     <div>
                        <b>Signature: </b>setUp()[pri:0, instance:com.test.ng.DeleteMail@d70c109]
                     </div>
                     <div>
                        <b>Start time: </b>17:42:52
                     </div>
                     <div>
                        <b>End time: </b>17:42:56
                     </div>
                     <div>
                        <b>Duration: </b>3s
                        
                     </div>
                  </div>
               </td>
            </tr>
            <tr></tr>
            <tr id="com.test.ng.DeleteMail_tearDown_byStatus_passed_PASS8_row"
                class="testMethodStatusPASS testMethodStatusCONF">
               <td width="100%" class="firstMethodCell">
                  <a onclick="toggleDetailsVisibility('com.test.ng.DeleteMail_tearDown_byStatus_passed_PASS8_details')">tearDown()</a>
               </td>
               <td nowrap="true">17:43:12</td>
               <td nowrap="true" align="right">3s
                  
               </td>
               <td nowrap="true">
                   
                  
               </td>
            </tr>
            <tr>
               <td colspan="4" class="detailsBox">
                  <div id="com.test.ng.DeleteMail_tearDown_byStatus_passed_PASS8_details"
                       class="testMethodDetails">
                     <div>
                        <b>Name: </b>tearDown
                     </div>
                     <div>
                        <b>Signature: </b>tearDown()[pri:0, instance:com.test.ng.DeleteMail@d70c109]
                     </div>
                     <div>
                        <b>Start time: </b>17:43:12
                     </div>
                     <div>
                        <b>End time: </b>17:43:16
                     </div>
                     <div>
                        <b>Duration: </b>3s
                        
                     </div>
                  </div>
               </td>
            </tr>
            <tr></tr>
            <tr id="com.test.ng.DeleteMail_setUp_byStatus_passed_PASS9_row"
                class="testMethodStatusPASS testMethodStatusCONF">
               <td width="100%" class="firstMethodCell">
                  <a onclick="toggleDetailsVisibility('com.test.ng.DeleteMail_setUp_byStatus_passed_PASS9_details')">setUp()</a>
               </td>
               <td nowrap="true">17:43:16</td>
               <td nowrap="true" align="right">5s
                  
               </td>
               <td nowrap="true">
                   
                  
               </td>
            </tr>
            <tr>
               <td colspan="4" class="detailsBox">
                  <div id="com.test.ng.DeleteMail_setUp_byStatus_passed_PASS9_details"
                       class="testMethodDetails">
                     <div>
                        <b>Name: </b>setUp
                     </div>
                     <div>
                        <b>Signature: </b>setUp()[pri:0, instance:com.test.ng.DeleteMail@d70c109]
                     </div>
                     <div>
                        <b>Start time: </b>17:43:16
                     </div>
                     <div>
                        <b>End time: </b>17:43:21
                     </div>
                     <div>
                        <b>Duration: </b>5s
                        
                     </div>
                  </div>
               </td>
            </tr>
            <tr></tr>
            <tr id="com.test.ng.DeleteMail_tearDown_byStatus_passed_PASS10_row"
                class="testMethodStatusPASS testMethodStatusCONF">
               <td width="100%" class="firstMethodCell">
                  <a onclick="toggleDetailsVisibility('com.test.ng.DeleteMail_tearDown_byStatus_passed_PASS10_details')">tearDown()</a>
               </td>
               <td nowrap="true">17:43:37</td>
               <td nowrap="true" align="right">3s
                  
               </td>
               <td nowrap="true">
                   
                  
               </td>
            </tr>
            <tr>
               <td colspan="4" class="detailsBox">
                  <div id="com.test.ng.DeleteMail_tearDown_byStatus_passed_PASS10_details"
                       class="testMethodDetails">
                     <div>
                        <b>Name: </b>tearDown
                     </div>
                     <div>
                        <b>Signature: </b>tearDown()[pri:0, instance:com.test.ng.DeleteMail@d70c109]
                     </div>
                     <div>
                        <b>Start time: </b>17:43:37
                     </div>
                     <div>
                        <b>End time: </b>17:43:40
                     </div>
                     <div>
                        <b>Duration: </b>3s
                        
                     </div>
                  </div>
               </td>
            </tr>
            <tr></tr>
            <tr id="com.test.ng.DeleteMail_setUp_byStatus_passed_PASS11_row"
                class="testMethodStatusPASS testMethodStatusCONF">
               <td width="100%" class="firstMethodCell">
                  <a onclick="toggleDetailsVisibility('com.test.ng.DeleteMail_setUp_byStatus_passed_PASS11_details')">setUp()</a>
               </td>
               <td nowrap="true">17:43:40</td>
               <td nowrap="true" align="right">3s
                  
               </td>
               <td nowrap="true">
                   
                  
               </td>
            </tr>
            <tr>
               <td colspan="4" class="detailsBox">
                  <div id="com.test.ng.DeleteMail_setUp_byStatus_passed_PASS11_details"
                       class="testMethodDetails">
                     <div>
                        <b>Name: </b>setUp
                     </div>
                     <div>
                        <b>Signature: </b>setUp()[pri:0, instance:com.test.ng.DeleteMail@d70c109]
                     </div>
                     <div>
                        <b>Start time: </b>17:43:40
                     </div>
                     <div>
                        <b>End time: </b>17:43:44
                     </div>
                     <div>
                        <b>Duration: </b>3s
                        
                     </div>
                  </div>
               </td>
            </tr>
            <tr></tr>
            <tr id="com.test.ng.DeleteMail_tearDown_byStatus_passed_PASS12_row"
                class="testMethodStatusPASS testMethodStatusCONF">
               <td width="100%" class="firstMethodCell">
                  <a onclick="toggleDetailsVisibility('com.test.ng.DeleteMail_tearDown_byStatus_passed_PASS12_details')">tearDown()</a>
               </td>
               <td nowrap="true">17:44:02</td>
               <td nowrap="true" align="right">3s
                  
               </td>
               <td nowrap="true">
                   
                  
               </td>
            </tr>
            <tr>
               <td colspan="4" class="detailsBox">
                  <div id="com.test.ng.DeleteMail_tearDown_byStatus_passed_PASS12_details"
                       class="testMethodDetails">
                     <div>
                        <b>Name: </b>tearDown
                     </div>
                     <div>
                        <b>Signature: </b>tearDown()[pri:0, instance:com.test.ng.DeleteMail@d70c109]
                     </div>
                     <div>
                        <b>Start time: </b>17:44:02
                     </div>
                     <div>
                        <b>End time: </b>17:44:05
                     </div>
                     <div>
                        <b>Duration: </b>3s
                        
                     </div>
                  </div>
               </td>
            </tr>
            <tr></tr>
            <tr id="com.test.ng.DeleteMail_setUp_byStatus_passed_PASS13_row"
                class="testMethodStatusPASS testMethodStatusCONF">
               <td width="100%" class="firstMethodCell">
                  <a onclick="toggleDetailsVisibility('com.test.ng.DeleteMail_setUp_byStatus_passed_PASS13_details')">setUp()</a>
               </td>
               <td nowrap="true">17:44:05</td>
               <td nowrap="true" align="right">2s
                  
               </td>
               <td nowrap="true">
                   
                  
               </td>
            </tr>
            <tr>
               <td colspan="4" class="detailsBox">
                  <div id="com.test.ng.DeleteMail_setUp_byStatus_passed_PASS13_details"
                       class="testMethodDetails">
                     <div>
                        <b>Name: </b>setUp
                     </div>
                     <div>
                        <b>Signature: </b>setUp()[pri:0, instance:com.test.ng.DeleteMail@d70c109]
                     </div>
                     <div>
                        <b>Start time: </b>17:44:05
                     </div>
                     <div>
                        <b>End time: </b>17:44:08
                     </div>
                     <div>
                        <b>Duration: </b>2s
                        
                     </div>
                  </div>
               </td>
            </tr>
            <tr></tr>
            <tr id="com.test.ng.DeleteMail_tearDown_byStatus_passed_PASS14_row"
                class="testMethodStatusPASS testMethodStatusCONF">
               <td width="100%" class="firstMethodCell">
                  <a onclick="toggleDetailsVisibility('com.test.ng.DeleteMail_tearDown_byStatus_passed_PASS14_details')">tearDown()</a>
               </td>
               <td nowrap="true">17:44:23</td>
               <td nowrap="true" align="right">3s
                  
               </td>
               <td nowrap="true">
                   
                  
               </td>
            </tr>
            <tr>
               <td colspan="4" class="detailsBox">
                  <div id="com.test.ng.DeleteMail_tearDown_byStatus_passed_PASS14_details"
                       class="testMethodDetails">
                     <div>
                        <b>Name: </b>tearDown
                     </div>
                     <div>
                        <b>Signature: </b>tearDown()[pri:0, instance:com.test.ng.DeleteMail@d70c109]
                     </div>
                     <div>
                        <b>Start time: </b>17:44:23
                     </div>
                     <div>
                        <b>End time: </b>17:44:26
                     </div>
                     <div>
                        <b>Duration: </b>3s
                        
                     </div>
                  </div>
               </td>
            </tr>
            <tr></tr>
            <tr id="com.test.ng.LoginTestNG_beforeMethod_byStatus_passed_PASS15_row"
                class="testMethodStatusPASS testMethodStatusCONF">
               <td width="100%" class="firstMethodCell">
                  <a onclick="toggleDetailsVisibility('com.test.ng.LoginTestNG_beforeMethod_byStatus_passed_PASS15_details')">beforeMethod()</a>
               </td>
               <td nowrap="true">17:43:18</td>
               <td nowrap="true" align="right">4s
                  
               </td>
               <td nowrap="true">
                   
                  
               </td>
            </tr>
            <tr>
               <td colspan="4" class="detailsBox">
                  <div id="com.test.ng.LoginTestNG_beforeMethod_byStatus_passed_PASS15_details"
                       class="testMethodDetails">
                     <div>
                        <b>Name: </b>beforeMethod
                     </div>
                     <div>
                        <b>Signature: </b>beforeMethod()[pri:0, instance:com.test.ng.LoginTestNG@17ed40e0]
                     </div>
                     <div>
                        <b>Start time: </b>17:43:18
                     </div>
                     <div>
                        <b>End time: </b>17:43:23
                     </div>
                     <div>
                        <b>Duration: </b>4s
                        
                     </div>
                  </div>
               </td>
            </tr>
            <tr></tr>
            <tr id="com.test.ng.LoginTestNG_login_byStatus_passed_PASS16_row"
                class="testMethodStatusPASS">
               <td width="100%" class="firstMethodCell">
                  <a onclick="toggleDetailsVisibility('com.test.ng.LoginTestNG_login_byStatus_passed_PASS16_details')">login()</a>
               </td>
               <td nowrap="true">17:43:23</td>
               <td nowrap="true" align="right">14s
                  
               </td>
               <td nowrap="true">
                   
                  
               </td>
            </tr>
            <tr>
               <td colspan="4" class="detailsBox">
                  <div id="com.test.ng.LoginTestNG_login_byStatus_passed_PASS16_details"
                       class="testMethodDetails">
                     <div>
                        <b>Name: </b>login
                     </div>
                     <div>
                        <b>Signature: </b>login()[pri:0, instance:com.test.ng.LoginTestNG@17ed40e0]
                     </div>
                     <div>
                        <b>Start time: </b>17:43:23
                     </div>
                     <div>
                        <b>End time: </b>17:43:37
                     </div>
                     <div>
                        <b>Duration: </b>14s
                        
                     </div>
                  </div>
               </td>
            </tr>
            <tr></tr>
            <tr id="com.test.ng.LoginTestNG_afterMethod_byStatus_passed_PASS17_row"
                class="testMethodStatusPASS testMethodStatusCONF">
               <td width="100%" class="firstMethodCell">
                  <a onclick="toggleDetailsVisibility('com.test.ng.LoginTestNG_afterMethod_byStatus_passed_PASS17_details')">afterMethod()</a>
               </td>
               <td nowrap="true">17:43:37</td>
               <td nowrap="true" align="right">1s
                  
               </td>
               <td nowrap="true">
                   
                  
               </td>
            </tr>
            <tr>
               <td colspan="4" class="detailsBox">
                  <div id="com.test.ng.LoginTestNG_afterMethod_byStatus_passed_PASS17_details"
                       class="testMethodDetails">
                     <div>
                        <b>Name: </b>afterMethod
                     </div>
                     <div>
                        <b>Signature: </b>afterMethod()[pri:0, instance:com.test.ng.LoginTestNG@17ed40e0]
                     </div>
                     <div>
                        <b>Start time: </b>17:43:37
                     </div>
                     <div>
                        <b>End time: </b>17:43:38
                     </div>
                     <div>
                        <b>Duration: </b>1s
                        
                     </div>
                  </div>
               </td>
            </tr>
            <tr></tr>
         </table>
      </div>
      <div id="testMethodsByClass">
         <table class="testMethodsTable" cellpadding="0" cellspacing="0">
            <tr>
               <td colspan="4">
                  <h3 style="display: inline;">com.test.ng.CreateAndSendMail</h3>
               </td>
            </tr>
            <tr class="methodsTableHeader">
               <td width="100%">Name</td>
               <td nowrap="true">Started</td>
               <td nowrap="true">Duration</td>
               <td>Exception</td>
            </tr>
            <tr id="com.test.ng.CreateAndSendMail_setUp_byClass_PASS1_row"
                class="testMethodStatusPASS testMethodStatusCONF">
               <td width="100%" class="firstMethodCell">
                  <a onclick="toggleDetailsVisibility('com.test.ng.CreateAndSendMail_setUp_byClass_PASS1_details')">setUp()</a>
               </td>
               <td nowrap="true">17:42:52</td>
               <td nowrap="true" align="right">3s
                  
               </td>
               <td nowrap="true">
                   
                  
               </td>
            </tr>
            <tr>
               <td colspan="4" class="detailsBox">
                  <div id="com.test.ng.CreateAndSendMail_setUp_byClass_PASS1_details"
                       class="testMethodDetails">
                     <div>
                        <b>Name: </b>setUp
                     </div>
                     <div>
                        <b>Signature: </b>setUp()[pri:0, instance:com.test.ng.CreateAndSendMail@6aceb1a5]
                     </div>
                     <div>
                        <b>Start time: </b>17:42:52
                     </div>
                     <div>
                        <b>End time: </b>17:42:56
                     </div>
                     <div>
                        <b>Duration: </b>3s
                        
                     </div>
                  </div>
               </td>
            </tr>
            <tr></tr>
            <tr id="com.test.ng.CreateAndSendMail_createMail_byClass_PASS2_row"
                class="testMethodStatusPASS">
               <td width="100%" class="firstMethodCell">
                  <a onclick="toggleDetailsVisibility('com.test.ng.CreateAndSendMail_createMail_byClass_PASS2_details')">createMail()</a>
               </td>
               <td nowrap="true">17:42:56</td>
               <td nowrap="true" align="right">19s
                  
               </td>
               <td nowrap="true">
                   
                  
               </td>
            </tr>
            <tr>
               <td colspan="4" class="detailsBox">
                  <div id="com.test.ng.CreateAndSendMail_createMail_byClass_PASS2_details"
                       class="testMethodDetails">
                     <div>
                        <b>Name: </b>createMail
                     </div>
                     <div>
                        <b>Signature: </b>createMail()[pri:0, instance:com.test.ng.CreateAndSendMail@6aceb1a5]
                     </div>
                     <div>
                        <b>Start time: </b>17:42:56
                     </div>
                     <div>
                        <b>End time: </b>17:43:15
                     </div>
                     <div>
                        <b>Duration: </b>19s
                        
                     </div>
                  </div>
               </td>
            </tr>
            <tr></tr>
            <tr id="com.test.ng.CreateAndSendMail_tearDown_byClass_PASS3_row"
                class="testMethodStatusPASS testMethodStatusCONF">
               <td width="100%" class="firstMethodCell">
                  <a onclick="toggleDetailsVisibility('com.test.ng.CreateAndSendMail_tearDown_byClass_PASS3_details')">tearDown()</a>
               </td>
               <td nowrap="true">17:43:15</td>
               <td nowrap="true" align="right">3s
                  
               </td>
               <td nowrap="true">
                   
                  
               </td>
            </tr>
            <tr>
               <td colspan="4" class="detailsBox">
                  <div id="com.test.ng.CreateAndSendMail_tearDown_byClass_PASS3_details"
                       class="testMethodDetails">
                     <div>
                        <b>Name: </b>tearDown
                     </div>
                     <div>
                        <b>Signature: </b>tearDown()[pri:0, instance:com.test.ng.CreateAndSendMail@6aceb1a5]
                     </div>
                     <div>
                        <b>Start time: </b>17:43:15
                     </div>
                     <div>
                        <b>End time: </b>17:43:18
                     </div>
                     <div>
                        <b>Duration: </b>3s
                        
                     </div>
                  </div>
               </td>
            </tr>
            <tr></tr>
         </table>
         <br></br>
         <table class="testMethodsTable" cellpadding="0" cellspacing="0">
            <tr>
               <td colspan="4">
                  <h3 style="display: inline;">com.test.ng.DeleteMail</h3>
               </td>
            </tr>
            <tr class="methodsTableHeader">
               <td width="100%">Name</td>
               <td nowrap="true">Started</td>
               <td nowrap="true">Duration</td>
               <td>Exception</td>
            </tr>
            <tr id="com.test.ng.DeleteMail_setUp_byClass_PASS1_row"
                class="testMethodStatusPASS testMethodStatusCONF">
               <td width="100%" class="firstMethodCell">
                  <a onclick="toggleDetailsVisibility('com.test.ng.DeleteMail_setUp_byClass_PASS1_details')">setUp()</a>
               </td>
               <td nowrap="true">17:42:52</td>
               <td nowrap="true" align="right">3s
                  
               </td>
               <td nowrap="true">
                   
                  
               </td>
            </tr>
            <tr>
               <td colspan="4" class="detailsBox">
                  <div id="com.test.ng.DeleteMail_setUp_byClass_PASS1_details"
                       class="testMethodDetails">
                     <div>
                        <b>Name: </b>setUp
                     </div>
                     <div>
                        <b>Signature: </b>setUp()[pri:0, instance:com.test.ng.DeleteMail@d70c109]
                     </div>
                     <div>
                        <b>Start time: </b>17:42:52
                     </div>
                     <div>
                        <b>End time: </b>17:42:56
                     </div>
                     <div>
                        <b>Duration: </b>3s
                        
                     </div>
                  </div>
               </td>
            </tr>
            <tr></tr>
            <tr id="com.test.ng.DeleteMail_deleteMail_byClass_FAIL2_row"
                class="testMethodStatusFAIL">
               <td width="100%" class="firstMethodCell">
                  <a onclick="toggleDetailsVisibility('com.test.ng.DeleteMail_deleteMail_byClass_FAIL2_details')">deleteMail()</a>
               </td>
               <td nowrap="true">17:42:56</td>
               <td nowrap="true" align="right">16s
                  
               </td>
               <td nowrap="true">
                  <a onclick="toggleDetailsVisibility('com.test.ng.DeleteMail_deleteMail_byClass_FAIL2_exception')">java.lang.IndexOutOfBoundsException: 
                     Index: 1, Size: 1
                     
                  </a>
                   
                  
               </td>
            </tr>
            <tr>
               <td colspan="4" class="detailsBox">
                  <div id="com.test.ng.DeleteMail_deleteMail_byClass_FAIL2_details"
                       class="testMethodDetails">
                     <div>
                        <b>Name: </b>deleteMail
                     </div>
                     <div>
                        <b>Signature: </b>deleteMail()[pri:0, instance:com.test.ng.DeleteMail@d70c109]
                     </div>
                     <div>
                        <b>Start time: </b>17:42:56
                     </div>
                     <div>
                        <b>End time: </b>17:43:12
                     </div>
                     <div>
                        <b>Duration: </b>16s
                        
                     </div>
                  </div>
               </td>
            </tr>
            <tr>
               <td colspan="4" class="detailsBox">
                  <div id="com.test.ng.DeleteMail_deleteMail_byClass_FAIL2_exception"
                       class="testMethodDetails">
                     <pre style="padding: 5px; margin: 0;">java.lang.IndexOutOfBoundsException: Index: 1, Size: 1
                        	at java.util.ArrayList.rangeCheck(ArrayList.java:653)
                        	at java.util.ArrayList.get(ArrayList.java:429)
                        	at com.test.ng.DeleteMail.deleteMail(DeleteMail.java:65)
                        	at sun.reflect.NativeMethodAccessorImpl.invoke0(Native Method)
                        	at sun.reflect.NativeMethodAccessorImpl.invoke(NativeMethodAccessorImpl.java:62)
                        	at sun.reflect.DelegatingMethodAccessorImpl.invoke(DelegatingMethodAccessorImpl.java:43)
                        	at java.lang.reflect.Method.invoke(Method.java:498)
                        	at org.testng.internal.MethodInvocationHelper.invokeMethod(MethodInvocationHelper.java:84)
                        	at org.testng.internal.Invoker.invokeMethod(Invoker.java:714)
                        	at org.testng.internal.Invoker.invokeTestMethod(Invoker.java:901)
                        	at org.testng.internal.Invoker.invokeTestMethods(Invoker.java:1231)
                        	at org.testng.internal.TestMethodWorker.invokeTestMethods(TestMethodWorker.java:127)
                        	at org.testng.internal.TestMethodWorker.run(TestMethodWorker.java:111)
                        	at java.util.concurrent.ThreadPoolExecutor.runWorker(ThreadPoolExecutor.java:1142)
                        	at java.util.concurrent.ThreadPoolExecutor$Worker.run(ThreadPoolExecutor.java:617)
                        	at java.lang.Thread.run(Thread.java:745)
                     </pre>
                  </div>
               </td>
            </tr>
            <tr id="com.test.ng.DeleteMail_tearDown_byClass_PASS3_row"
                class="testMethodStatusPASS testMethodStatusCONF">
               <td width="100%" class="firstMethodCell">
                  <a onclick="toggleDetailsVisibility('com.test.ng.DeleteMail_tearDown_byClass_PASS3_details')">tearDown()</a>
               </td>
               <td nowrap="true">17:43:12</td>
               <td nowrap="true" align="right">3s
                  
               </td>
               <td nowrap="true">
                   
                  
               </td>
            </tr>
            <tr>
               <td colspan="4" class="detailsBox">
                  <div id="com.test.ng.DeleteMail_tearDown_byClass_PASS3_details"
                       class="testMethodDetails">
                     <div>
                        <b>Name: </b>tearDown
                     </div>
                     <div>
                        <b>Signature: </b>tearDown()[pri:0, instance:com.test.ng.DeleteMail@d70c109]
                     </div>
                     <div>
                        <b>Start time: </b>17:43:12
                     </div>
                     <div>
                        <b>End time: </b>17:43:16
                     </div>
                     <div>
                        <b>Duration: </b>3s
                        
                     </div>
                  </div>
               </td>
            </tr>
            <tr></tr>
            <tr id="com.test.ng.DeleteMail_setUp_byClass_PASS4_row"
                class="testMethodStatusPASS testMethodStatusCONF">
               <td width="100%" class="firstMethodCell">
                  <a onclick="toggleDetailsVisibility('com.test.ng.DeleteMail_setUp_byClass_PASS4_details')">setUp()</a>
               </td>
               <td nowrap="true">17:43:16</td>
               <td nowrap="true" align="right">5s
                  
               </td>
               <td nowrap="true">
                   
                  
               </td>
            </tr>
            <tr>
               <td colspan="4" class="detailsBox">
                  <div id="com.test.ng.DeleteMail_setUp_byClass_PASS4_details"
                       class="testMethodDetails">
                     <div>
                        <b>Name: </b>setUp
                     </div>
                     <div>
                        <b>Signature: </b>setUp()[pri:0, instance:com.test.ng.DeleteMail@d70c109]
                     </div>
                     <div>
                        <b>Start time: </b>17:43:16
                     </div>
                     <div>
                        <b>End time: </b>17:43:21
                     </div>
                     <div>
                        <b>Duration: </b>5s
                        
                     </div>
                  </div>
               </td>
            </tr>
            <tr></tr>
            <tr id="com.test.ng.DeleteMail_deleteMail_byClass_FAIL5_row"
                class="testMethodStatusFAIL">
               <td width="100%" class="firstMethodCell">
                  <a onclick="toggleDetailsVisibility('com.test.ng.DeleteMail_deleteMail_byClass_FAIL5_details')">deleteMail()</a>
               </td>
               <td nowrap="true">17:43:21</td>
               <td nowrap="true" align="right">15s
                  
               </td>
               <td nowrap="true">
                  <a onclick="toggleDetailsVisibility('com.test.ng.DeleteMail_deleteMail_byClass_FAIL5_exception')">java.lang.IndexOutOfBoundsException: 
                     Index: 1, Size: 1
                     
                  </a>
                   
                  
               </td>
            </tr>
            <tr>
               <td colspan="4" class="detailsBox">
                  <div id="com.test.ng.DeleteMail_deleteMail_byClass_FAIL5_details"
                       class="testMethodDetails">
                     <div>
                        <b>Name: </b>deleteMail
                     </div>
                     <div>
                        <b>Signature: </b>deleteMail()[pri:0, instance:com.test.ng.DeleteMail@d70c109]
                     </div>
                     <div>
                        <b>Start time: </b>17:43:21
                     </div>
                     <div>
                        <b>End time: </b>17:43:37
                     </div>
                     <div>
                        <b>Duration: </b>15s
                        
                     </div>
                  </div>
               </td>
            </tr>
            <tr>
               <td colspan="4" class="detailsBox">
                  <div id="com.test.ng.DeleteMail_deleteMail_byClass_FAIL5_exception"
                       class="testMethodDetails">
                     <pre style="padding: 5px; margin: 0;">java.lang.IndexOutOfBoundsException: Index: 1, Size: 1
                        	at java.util.ArrayList.rangeCheck(ArrayList.java:653)
                        	at java.util.ArrayList.get(ArrayList.java:429)
                        	at com.test.ng.DeleteMail.deleteMail(DeleteMail.java:65)
                        	at sun.reflect.NativeMethodAccessorImpl.invoke0(Native Method)
                        	at sun.reflect.NativeMethodAccessorImpl.invoke(NativeMethodAccessorImpl.java:62)
                        	at sun.reflect.DelegatingMethodAccessorImpl.invoke(DelegatingMethodAccessorImpl.java:43)
                        	at java.lang.reflect.Method.invoke(Method.java:498)
                        	at org.testng.internal.MethodInvocationHelper.invokeMethod(MethodInvocationHelper.java:84)
                        	at org.testng.internal.Invoker.invokeMethod(Invoker.java:714)
                        	at org.testng.internal.Invoker.retryFailed(Invoker.java:1049)
                        	at org.testng.internal.Invoker.invokeTestMethods(Invoker.java:1254)
                        	at org.testng.internal.TestMethodWorker.invokeTestMethods(TestMethodWorker.java:127)
                        	at org.testng.internal.TestMethodWorker.run(TestMethodWorker.java:111)
                        	at java.util.concurrent.ThreadPoolExecutor.runWorker(ThreadPoolExecutor.java:1142)
                        	at java.util.concurrent.ThreadPoolExecutor$Worker.run(ThreadPoolExecutor.java:617)
                        	at java.lang.Thread.run(Thread.java:745)
                     </pre>
                  </div>
               </td>
            </tr>
            <tr id="com.test.ng.DeleteMail_tearDown_byClass_PASS6_row"
                class="testMethodStatusPASS testMethodStatusCONF">
               <td width="100%" class="firstMethodCell">
                  <a onclick="toggleDetailsVisibility('com.test.ng.DeleteMail_tearDown_byClass_PASS6_details')">tearDown()</a>
               </td>
               <td nowrap="true">17:43:37</td>
               <td nowrap="true" align="right">3s
                  
               </td>
               <td nowrap="true">
                   
                  
               </td>
            </tr>
            <tr>
               <td colspan="4" class="detailsBox">
                  <div id="com.test.ng.DeleteMail_tearDown_byClass_PASS6_details"
                       class="testMethodDetails">
                     <div>
                        <b>Name: </b>tearDown
                     </div>
                     <div>
                        <b>Signature: </b>tearDown()[pri:0, instance:com.test.ng.DeleteMail@d70c109]
                     </div>
                     <div>
                        <b>Start time: </b>17:43:37
                     </div>
                     <div>
                        <b>End time: </b>17:43:40
                     </div>
                     <div>
                        <b>Duration: </b>3s
                        
                     </div>
                  </div>
               </td>
            </tr>
            <tr></tr>
            <tr id="com.test.ng.DeleteMail_setUp_byClass_PASS7_row"
                class="testMethodStatusPASS testMethodStatusCONF">
               <td width="100%" class="firstMethodCell">
                  <a onclick="toggleDetailsVisibility('com.test.ng.DeleteMail_setUp_byClass_PASS7_details')">setUp()</a>
               </td>
               <td nowrap="true">17:43:40</td>
               <td nowrap="true" align="right">3s
                  
               </td>
               <td nowrap="true">
                   
                  
               </td>
            </tr>
            <tr>
               <td colspan="4" class="detailsBox">
                  <div id="com.test.ng.DeleteMail_setUp_byClass_PASS7_details"
                       class="testMethodDetails">
                     <div>
                        <b>Name: </b>setUp
                     </div>
                     <div>
                        <b>Signature: </b>setUp()[pri:0, instance:com.test.ng.DeleteMail@d70c109]
                     </div>
                     <div>
                        <b>Start time: </b>17:43:40
                     </div>
                     <div>
                        <b>End time: </b>17:43:44
                     </div>
                     <div>
                        <b>Duration: </b>3s
                        
                     </div>
                  </div>
               </td>
            </tr>
            <tr></tr>
            <tr id="com.test.ng.DeleteMail_deleteMail_byClass_FAIL8_row"
                class="testMethodStatusFAIL">
               <td width="100%" class="firstMethodCell">
                  <a onclick="toggleDetailsVisibility('com.test.ng.DeleteMail_deleteMail_byClass_FAIL8_details')">deleteMail()</a>
               </td>
               <td nowrap="true">17:43:44</td>
               <td nowrap="true" align="right">18s
                  
               </td>
               <td nowrap="true">
                  <a onclick="toggleDetailsVisibility('com.test.ng.DeleteMail_deleteMail_byClass_FAIL8_exception')">org.openqa.selenium.NoSuchElementException: 
                     no such element: Unable to locate element: {"method":"xpath","selector":"//span[text()='�ѷ���']"}
                     (Session info: chrome=68.0.3440.84)
                     (Driver info: chromedriver=2.41.578737 (49da6702b16031c40d63e5618de03a32ff6c197e),platform=Windows NT 10.0.10586 x86_64) (WARNING:
                     The server did not provide any stacktrace information)
                     Command duration or timeout: 10.08 seconds
                     For documentation on this error, please visit: http://seleniumhq.org/exceptions/no_such_element.html
                     Build info: version: '2.44.0', revision: '76d78cf', time: '2014-10-23 20:03:00'
                     System info: host: 'DEEP-1808222042', ip: '169.254.25.116', os.name: 'Windows 10', os.arch: 'amd64', os.version: '10.0', java.version:
                     '1.8.0_101'
                     Driver info: org.openqa.selenium.chrome.ChromeDriver
                     Capabilities [{mobileEmulationEnabled=false, hasTouchScreen=false, platform=XP, acceptSslCerts=false, goog:chromeOptions={debuggerAddress=localhost:14266},
                     acceptInsecureCerts=false, webStorageEnabled=true, browserName=chrome, takesScreenshot=true, javascriptEnabled=true, setWindowRect=true,
                     unexpectedAlertBehaviour=, applicationCacheEnabled=false, rotatable=false, networkConnectionEnabled=false, chrome={chromedriverVersion=2.41.578737
                     (49da6702b16031c40d63e5618de03a32ff6c197e), userDataDir=C:\Users\ADMINI~1\AppData\Local\Temp\scoped_dir4852_10284}, takesHeapSnapshot=true,
                     pageLoadStrategy=normal, databaseEnabled=false, handlesAlerts=true, version=68.0.3440.84, browserConnectionEnabled=false,
                     nativeEvents=true, locationContextEnabled=true, cssSelectorsEnabled=true}]
                     Session ID: 465704c143cfe70fcf98ab86043073ff
                     
                  </a>
                   
                  
               </td>
            </tr>
            <tr>
               <td colspan="4" class="detailsBox">
                  <div id="com.test.ng.DeleteMail_deleteMail_byClass_FAIL8_details"
                       class="testMethodDetails">
                     <div>
                        <b>Name: </b>deleteMail
                     </div>
                     <div>
                        <b>Signature: </b>deleteMail()[pri:0, instance:com.test.ng.DeleteMail@d70c109]
                     </div>
                     <div>
                        <b>Start time: </b>17:43:44
                     </div>
                     <div>
                        <b>End time: </b>17:44:02
                     </div>
                     <div>
                        <b>Duration: </b>18s
                        
                     </div>
                  </div>
               </td>
            </tr>
            <tr>
               <td colspan="4" class="detailsBox">
                  <div id="com.test.ng.DeleteMail_deleteMail_byClass_FAIL8_exception"
                       class="testMethodDetails">
                     <pre style="padding: 5px; margin: 0;">org.openqa.selenium.NoSuchElementException: no such element: Unable to locate element: {"method":"xpath","selector":"//span[text()='�ѷ���']"}
                        (Session info: chrome=68.0.3440.84)
                        (Driver info: chromedriver=2.41.578737 (49da6702b16031c40d63e5618de03a32ff6c197e),platform=Windows NT 10.0.10586 x86_64) (WARNING:
                        The server did not provide any stacktrace information)
                        Command duration or timeout: 10.08 seconds
                        For documentation on this error, please visit: http://seleniumhq.org/exceptions/no_such_element.html
                        Build info: version: '2.44.0', revision: '76d78cf', time: '2014-10-23 20:03:00'
                        System info: host: 'DEEP-1808222042', ip: '169.254.25.116', os.name: 'Windows 10', os.arch: 'amd64', os.version: '10.0', java.version:
                        '1.8.0_101'
                        Driver info: org.openqa.selenium.chrome.ChromeDriver
                        Capabilities [{mobileEmulationEnabled=false, hasTouchScreen=false, platform=XP, acceptSslCerts=false, goog:chromeOptions={debuggerAddress=localhost:14266},
                        acceptInsecureCerts=false, webStorageEnabled=true, browserName=chrome, takesScreenshot=true, javascriptEnabled=true, setWindowRect=true,
                        unexpectedAlertBehaviour=, applicationCacheEnabled=false, rotatable=false, networkConnectionEnabled=false, chrome={chromedriverVersion=2.41.578737
                        (49da6702b16031c40d63e5618de03a32ff6c197e), userDataDir=C:\Users\ADMINI~1\AppData\Local\Temp\scoped_dir4852_10284}, takesHeapSnapshot=true,
                        pageLoadStrategy=normal, databaseEnabled=false, handlesAlerts=true, version=68.0.3440.84, browserConnectionEnabled=false,
                        nativeEvents=true, locationContextEnabled=true, cssSelectorsEnabled=true}]
                        Session ID: 465704c143cfe70fcf98ab86043073ff
                        	at sun.reflect.NativeConstructorAccessorImpl.newInstance0(Native Method)
                        	at sun.reflect.NativeConstructorAccessorImpl.newInstance(NativeConstructorAccessorImpl.java:62)
                        	at sun.reflect.DelegatingConstructorAccessorImpl.newInstance(DelegatingConstructorAccessorImpl.java:45)
                        	at java.lang.reflect.Constructor.newInstance(Constructor.java:423)
                        	at org.openqa.selenium.remote.ErrorHandler.createThrowable(ErrorHandler.java:204)
                        	at org.openqa.selenium.remote.ErrorHandler.throwIfResponseFailed(ErrorHandler.java:156)
                        	at org.openqa.selenium.remote.RemoteWebDriver.execute(RemoteWebDriver.java:599)
                        	at org.openqa.selenium.remote.RemoteWebDriver.findElement(RemoteWebDriver.java:352)
                        	at org.openqa.selenium.remote.RemoteWebDriver.findElementByXPath(RemoteWebDriver.java:449)
                        	at org.openqa.selenium.By$ByXPath.findElement(By.java:357)
                        	at org.openqa.selenium.remote.RemoteWebDriver.findElement(RemoteWebDriver.java:344)
                        	at com.test.ng.DeleteMail.deleteMail(DeleteMail.java:60)
                        	at sun.reflect.NativeMethodAccessorImpl.invoke0(Native Method)
                        	at sun.reflect.NativeMethodAccessorImpl.invoke(NativeMethodAccessorImpl.java:62)
                        	at sun.reflect.DelegatingMethodAccessorImpl.invoke(DelegatingMethodAccessorImpl.java:43)
                        	at java.lang.reflect.Method.invoke(Method.java:498)
                        	at org.testng.internal.MethodInvocationHelper.invokeMethod(MethodInvocationHelper.java:84)
                        	at org.testng.internal.Invoker.invokeMethod(Invoker.java:714)
                        	at org.testng.internal.Invoker.retryFailed(Invoker.java:1049)
                        	at org.testng.internal.Invoker.invokeTestMethods(Invoker.java:1254)
                        	at org.testng.internal.TestMethodWorker.invokeTestMethods(TestMethodWorker.java:127)
                        	at org.testng.internal.TestMethodWorker.run(TestMethodWorker.java:111)
                        	at java.util.concurrent.ThreadPoolExecutor.runWorker(ThreadPoolExecutor.java:1142)
                        	at java.util.concurrent.ThreadPoolExecutor$Worker.run(ThreadPoolExecutor.java:617)
                        	at java.lang.Thread.run(Thread.java:745)
                     </pre>
                  </div>
               </td>
            </tr>
            <tr id="com.test.ng.DeleteMail_tearDown_byClass_PASS9_row"
                class="testMethodStatusPASS testMethodStatusCONF">
               <td width="100%" class="firstMethodCell">
                  <a onclick="toggleDetailsVisibility('com.test.ng.DeleteMail_tearDown_byClass_PASS9_details')">tearDown()</a>
               </td>
               <td nowrap="true">17:44:02</td>
               <td nowrap="true" align="right">3s
                  
               </td>
               <td nowrap="true">
                   
                  
               </td>
            </tr>
            <tr>
               <td colspan="4" class="detailsBox">
                  <div id="com.test.ng.DeleteMail_tearDown_byClass_PASS9_details"
                       class="testMethodDetails">
                     <div>
                        <b>Name: </b>tearDown
                     </div>
                     <div>
                        <b>Signature: </b>tearDown()[pri:0, instance:com.test.ng.DeleteMail@d70c109]
                     </div>
                     <div>
                        <b>Start time: </b>17:44:02
                     </div>
                     <div>
                        <b>End time: </b>17:44:05
                     </div>
                     <div>
                        <b>Duration: </b>3s
                        
                     </div>
                  </div>
               </td>
            </tr>
            <tr></tr>
            <tr id="com.test.ng.DeleteMail_setUp_byClass_PASS10_row"
                class="testMethodStatusPASS testMethodStatusCONF">
               <td width="100%" class="firstMethodCell">
                  <a onclick="toggleDetailsVisibility('com.test.ng.DeleteMail_setUp_byClass_PASS10_details')">setUp()</a>
               </td>
               <td nowrap="true">17:44:05</td>
               <td nowrap="true" align="right">2s
                  
               </td>
               <td nowrap="true">
                   
                  
               </td>
            </tr>
            <tr>
               <td colspan="4" class="detailsBox">
                  <div id="com.test.ng.DeleteMail_setUp_byClass_PASS10_details"
                       class="testMethodDetails">
                     <div>
                        <b>Name: </b>setUp
                     </div>
                     <div>
                        <b>Signature: </b>setUp()[pri:0, instance:com.test.ng.DeleteMail@d70c109]
                     </div>
                     <div>
                        <b>Start time: </b>17:44:05
                     </div>
                     <div>
                        <b>End time: </b>17:44:08
                     </div>
                     <div>
                        <b>Duration: </b>2s
                        
                     </div>
                  </div>
               </td>
            </tr>
            <tr></tr>
            <tr id="com.test.ng.DeleteMail_deleteMail_byClass_FAIL11_row"
                class="testMethodStatusFAIL">
               <td width="100%" class="firstMethodCell">
                  <a onclick="toggleDetailsVisibility('com.test.ng.DeleteMail_deleteMail_byClass_FAIL11_details')">deleteMail()</a>
               </td>
               <td nowrap="true">17:44:08</td>
               <td nowrap="true" align="right">14s
                  
               </td>
               <td nowrap="true">
                  <a onclick="toggleDetailsVisibility('com.test.ng.DeleteMail_deleteMail_byClass_FAIL11_exception')">org.openqa.selenium.NoSuchElementException: 
                     no such element: Unable to locate element: {"method":"xpath","selector":"//span[text()='�ѷ���']"}
                     (Session info: chrome=68.0.3440.84)
                     (Driver info: chromedriver=2.41.578737 (49da6702b16031c40d63e5618de03a32ff6c197e),platform=Windows NT 10.0.10586 x86_64) (WARNING:
                     The server did not provide any stacktrace information)
                     Command duration or timeout: 10.02 seconds
                     For documentation on this error, please visit: http://seleniumhq.org/exceptions/no_such_element.html
                     Build info: version: '2.44.0', revision: '76d78cf', time: '2014-10-23 20:03:00'
                     System info: host: 'DEEP-1808222042', ip: '169.254.25.116', os.name: 'Windows 10', os.arch: 'amd64', os.version: '10.0', java.version:
                     '1.8.0_101'
                     Driver info: org.openqa.selenium.chrome.ChromeDriver
                     Capabilities [{mobileEmulationEnabled=false, hasTouchScreen=false, platform=XP, acceptSslCerts=false, goog:chromeOptions={debuggerAddress=localhost:14338},
                     acceptInsecureCerts=false, webStorageEnabled=true, browserName=chrome, takesScreenshot=true, javascriptEnabled=true, setWindowRect=true,
                     unexpectedAlertBehaviour=, applicationCacheEnabled=false, rotatable=false, networkConnectionEnabled=false, chrome={chromedriverVersion=2.41.578737
                     (49da6702b16031c40d63e5618de03a32ff6c197e), userDataDir=C:\Users\ADMINI~1\AppData\Local\Temp\scoped_dir8424_1149}, takesHeapSnapshot=true,
                     pageLoadStrategy=normal, databaseEnabled=false, handlesAlerts=true, version=68.0.3440.84, browserConnectionEnabled=false,
                     nativeEvents=true, locationContextEnabled=true, cssSelectorsEnabled=true}]
                     Session ID: 1a651fda64767b6d726e978781ff5ec6
                     
                  </a>
                   
                  
               </td>
            </tr>
            <tr>
               <td colspan="4" class="detailsBox">
                  <div id="com.test.ng.DeleteMail_deleteMail_byClass_FAIL11_details"
                       class="testMethodDetails">
                     <div>
                        <b>Name: </b>deleteMail
                     </div>
                     <div>
                        <b>Signature: </b>deleteMail()[pri:0, instance:com.test.ng.DeleteMail@d70c109]
                     </div>
                     <div>
                        <b>Start time: </b>17:44:08
                     </div>
                     <div>
                        <b>End time: </b>17:44:23
                     </div>
                     <div>
                        <b>Duration: </b>14s
                        
                     </div>
                  </div>
               </td>
            </tr>
            <tr>
               <td colspan="4" class="detailsBox">
                  <div id="com.test.ng.DeleteMail_deleteMail_byClass_FAIL11_exception"
                       class="testMethodDetails">
                     <pre style="padding: 5px; margin: 0;">org.openqa.selenium.NoSuchElementException: no such element: Unable to locate element: {"method":"xpath","selector":"//span[text()='�ѷ���']"}
                        (Session info: chrome=68.0.3440.84)
                        (Driver info: chromedriver=2.41.578737 (49da6702b16031c40d63e5618de03a32ff6c197e),platform=Windows NT 10.0.10586 x86_64) (WARNING:
                        The server did not provide any stacktrace information)
                        Command duration or timeout: 10.02 seconds
                        For documentation on this error, please visit: http://seleniumhq.org/exceptions/no_such_element.html
                        Build info: version: '2.44.0', revision: '76d78cf', time: '2014-10-23 20:03:00'
                        System info: host: 'DEEP-1808222042', ip: '169.254.25.116', os.name: 'Windows 10', os.arch: 'amd64', os.version: '10.0', java.version:
                        '1.8.0_101'
                        Driver info: org.openqa.selenium.chrome.ChromeDriver
                        Capabilities [{mobileEmulationEnabled=false, hasTouchScreen=false, platform=XP, acceptSslCerts=false, goog:chromeOptions={debuggerAddress=localhost:14338},
                        acceptInsecureCerts=false, webStorageEnabled=true, browserName=chrome, takesScreenshot=true, javascriptEnabled=true, setWindowRect=true,
                        unexpectedAlertBehaviour=, applicationCacheEnabled=false, rotatable=false, networkConnectionEnabled=false, chrome={chromedriverVersion=2.41.578737
                        (49da6702b16031c40d63e5618de03a32ff6c197e), userDataDir=C:\Users\ADMINI~1\AppData\Local\Temp\scoped_dir8424_1149}, takesHeapSnapshot=true,
                        pageLoadStrategy=normal, databaseEnabled=false, handlesAlerts=true, version=68.0.3440.84, browserConnectionEnabled=false,
                        nativeEvents=true, locationContextEnabled=true, cssSelectorsEnabled=true}]
                        Session ID: 1a651fda64767b6d726e978781ff5ec6
                        	at sun.reflect.NativeConstructorAccessorImpl.newInstance0(Native Method)
                        	at sun.reflect.NativeConstructorAccessorImpl.newInstance(NativeConstructorAccessorImpl.java:62)
                        	at sun.reflect.DelegatingConstructorAccessorImpl.newInstance(DelegatingConstructorAccessorImpl.java:45)
                        	at java.lang.reflect.Constructor.newInstance(Constructor.java:423)
                        	at org.openqa.selenium.remote.ErrorHandler.createThrowable(ErrorHandler.java:204)
                        	at org.openqa.selenium.remote.ErrorHandler.throwIfResponseFailed(ErrorHandler.java:156)
                        	at org.openqa.selenium.remote.RemoteWebDriver.execute(RemoteWebDriver.java:599)
                        	at org.openqa.selenium.remote.RemoteWebDriver.findElement(RemoteWebDriver.java:352)
                        	at org.openqa.selenium.remote.RemoteWebDriver.findElementByXPath(RemoteWebDriver.java:449)
                        	at org.openqa.selenium.By$ByXPath.findElement(By.java:357)
                        	at org.openqa.selenium.remote.RemoteWebDriver.findElement(RemoteWebDriver.java:344)
                        	at com.test.ng.DeleteMail.deleteMail(DeleteMail.java:60)
                        	at sun.reflect.NativeMethodAccessorImpl.invoke0(Native Method)
                        	at sun.reflect.NativeMethodAccessorImpl.invoke(NativeMethodAccessorImpl.java:62)
                        	at sun.reflect.DelegatingMethodAccessorImpl.invoke(DelegatingMethodAccessorImpl.java:43)
                        	at java.lang.reflect.Method.invoke(Method.java:498)
                        	at org.testng.internal.MethodInvocationHelper.invokeMethod(MethodInvocationHelper.java:84)
                        	at org.testng.internal.Invoker.invokeMethod(Invoker.java:714)
                        	at org.testng.internal.Invoker.retryFailed(Invoker.java:1049)
                        	at org.testng.internal.Invoker.invokeTestMethods(Invoker.java:1254)
                        	at org.testng.internal.TestMethodWorker.invokeTestMethods(TestMethodWorker.java:127)
                        	at org.testng.internal.TestMethodWorker.run(TestMethodWorker.java:111)
                        	at java.util.concurrent.ThreadPoolExecutor.runWorker(ThreadPoolExecutor.java:1142)
                        	at java.util.concurrent.ThreadPoolExecutor$Worker.run(ThreadPoolExecutor.java:617)
                        	at java.lang.Thread.run(Thread.java:745)
                     </pre>
                  </div>
               </td>
            </tr>
            <tr id="com.test.ng.DeleteMail_tearDown_byClass_PASS12_row"
                class="testMethodStatusPASS testMethodStatusCONF">
               <td width="100%" class="firstMethodCell">
                  <a onclick="toggleDetailsVisibility('com.test.ng.DeleteMail_tearDown_byClass_PASS12_details')">tearDown()</a>
               </td>
               <td nowrap="true">17:44:23</td>
               <td nowrap="true" align="right">3s
                  
               </td>
               <td nowrap="true">
                   
                  
               </td>
            </tr>
            <tr>
               <td colspan="4" class="detailsBox">
                  <div id="com.test.ng.DeleteMail_tearDown_byClass_PASS12_details"
                       class="testMethodDetails">
                     <div>
                        <b>Name: </b>tearDown
                     </div>
                     <div>
                        <b>Signature: </b>tearDown()[pri:0, instance:com.test.ng.DeleteMail@d70c109]
                     </div>
                     <div>
                        <b>Start time: </b>17:44:23
                     </div>
                     <div>
                        <b>End time: </b>17:44:26
                     </div>
                     <div>
                        <b>Duration: </b>3s
                        
                     </div>
                  </div>
               </td>
            </tr>
            <tr></tr>
         </table>
         <br></br>
         <table class="testMethodsTable" cellpadding="0" cellspacing="0">
            <tr>
               <td colspan="4">
                  <h3 style="display: inline;">com.test.ng.LoginTestNG</h3>
               </td>
            </tr>
            <tr class="methodsTableHeader">
               <td width="100%">Name</td>
               <td nowrap="true">Started</td>
               <td nowrap="true">Duration</td>
               <td>Exception</td>
            </tr>
            <tr id="com.test.ng.LoginTestNG_beforeMethod_byClass_PASS1_row"
                class="testMethodStatusPASS testMethodStatusCONF">
               <td width="100%" class="firstMethodCell">
                  <a onclick="toggleDetailsVisibility('com.test.ng.LoginTestNG_beforeMethod_byClass_PASS1_details')">beforeMethod()</a>
               </td>
               <td nowrap="true">17:43:18</td>
               <td nowrap="true" align="right">4s
                  
               </td>
               <td nowrap="true">
                   
                  
               </td>
            </tr>
            <tr>
               <td colspan="4" class="detailsBox">
                  <div id="com.test.ng.LoginTestNG_beforeMethod_byClass_PASS1_details"
                       class="testMethodDetails">
                     <div>
                        <b>Name: </b>beforeMethod
                     </div>
                     <div>
                        <b>Signature: </b>beforeMethod()[pri:0, instance:com.test.ng.LoginTestNG@17ed40e0]
                     </div>
                     <div>
                        <b>Start time: </b>17:43:18
                     </div>
                     <div>
                        <b>End time: </b>17:43:23
                     </div>
                     <div>
                        <b>Duration: </b>4s
                        
                     </div>
                  </div>
               </td>
            </tr>
            <tr></tr>
            <tr id="com.test.ng.LoginTestNG_login_byClass_PASS2_row"
                class="testMethodStatusPASS">
               <td width="100%" class="firstMethodCell">
                  <a onclick="toggleDetailsVisibility('com.test.ng.LoginTestNG_login_byClass_PASS2_details')">login()</a>
               </td>
               <td nowrap="true">17:43:23</td>
               <td nowrap="true" align="right">14s
                  
               </td>
               <td nowrap="true">
                   
                  
               </td>
            </tr>
            <tr>
               <td colspan="4" class="detailsBox">
                  <div id="com.test.ng.LoginTestNG_login_byClass_PASS2_details"
                       class="testMethodDetails">
                     <div>
                        <b>Name: </b>login
                     </div>
                     <div>
                        <b>Signature: </b>login()[pri:0, instance:com.test.ng.LoginTestNG@17ed40e0]
                     </div>
                     <div>
                        <b>Start time: </b>17:43:23
                     </div>
                     <div>
                        <b>End time: </b>17:43:37
                     </div>
                     <div>
                        <b>Duration: </b>14s
                        
                     </div>
                  </div>
               </td>
            </tr>
            <tr></tr>
            <tr id="com.test.ng.LoginTestNG_afterMethod_byClass_PASS3_row"
                class="testMethodStatusPASS testMethodStatusCONF">
               <td width="100%" class="firstMethodCell">
                  <a onclick="toggleDetailsVisibility('com.test.ng.LoginTestNG_afterMethod_byClass_PASS3_details')">afterMethod()</a>
               </td>
               <td nowrap="true">17:43:37</td>
               <td nowrap="true" align="right">1s
                  
               </td>
               <td nowrap="true">
                   
                  
               </td>
            </tr>
            <tr>
               <td colspan="4" class="detailsBox">
                  <div id="com.test.ng.LoginTestNG_afterMethod_byClass_PASS3_details"
                       class="testMethodDetails">
                     <div>
                        <b>Name: </b>afterMethod
                     </div>
                     <div>
                        <b>Signature: </b>afterMethod()[pri:0, instance:com.test.ng.LoginTestNG@17ed40e0]
                     </div>
                     <div>
                        <b>Start time: </b>17:43:37
                     </div>
                     <div>
                        <b>End time: </b>17:43:38
                     </div>
                     <div>
                        <b>Duration: </b>1s
                        
                     </div>
                  </div>
               </td>
            </tr>
            <tr></tr>
         </table>
         <br></br>
         <table class="testMethodsTable" cellpadding="0" cellspacing="0">
            <tr>
               <td colspan="4">
                  <h3 style="display: inline;">com.test.ng.TestLoginFail</h3>
               </td>
            </tr>
            <tr class="methodsTableHeader">
               <td width="100%">Name</td>
               <td nowrap="true">Started</td>
               <td nowrap="true">Duration</td>
               <td>Exception</td>
            </tr>
            <tr id="com.test.ng.TestLoginFail_setUp_byClass_PASS1_row"
                class="testMethodStatusPASS testMethodStatusCONF">
               <td width="100%" class="firstMethodCell">
                  <a onclick="toggleDetailsVisibility('com.test.ng.TestLoginFail_setUp_byClass_PASS1_details')">setUp()</a>
               </td>
               <td nowrap="true">17:43:38</td>
               <td nowrap="true" align="right">3s
                  
               </td>
               <td nowrap="true">
                   
                  
               </td>
            </tr>
            <tr>
               <td colspan="4" class="detailsBox">
                  <div id="com.test.ng.TestLoginFail_setUp_byClass_PASS1_details"
                       class="testMethodDetails">
                     <div>
                        <b>Name: </b>setUp
                     </div>
                     <div>
                        <b>Signature: </b>setUp()[pri:0, instance:com.test.ng.TestLoginFail@2be94b0f]
                     </div>
                     <div>
                        <b>Start time: </b>17:43:38
                     </div>
                     <div>
                        <b>End time: </b>17:43:42
                     </div>
                     <div>
                        <b>Duration: </b>3s
                        
                     </div>
                  </div>
               </td>
            </tr>
            <tr></tr>
            <tr id="com.test.ng.TestLoginFail_testLoginfail_byClass_PASS2_row"
                class="testMethodStatusPASS">
               <td width="100%" class="firstMethodCell">
                  <a onclick="toggleDetailsVisibility('com.test.ng.TestLoginFail_testLoginfail_byClass_PASS2_details')">testLoginfail()</a>
               </td>
               <td nowrap="true">17:43:42</td>
               <td nowrap="true" align="right">18s
                  
               </td>
               <td nowrap="true">
                   
                  
               </td>
            </tr>
            <tr>
               <td colspan="4" class="detailsBox">
                  <div id="com.test.ng.TestLoginFail_testLoginfail_byClass_PASS2_details"
                       class="testMethodDetails">
                     <div>
                        <b>Name: </b>testLoginfail
                     </div>
                     <div>
                        <b>Signature: </b>testLoginfail()[pri:0, instance:com.test.ng.TestLoginFail@2be94b0f]
                     </div>
                     <div>
                        <b>Start time: </b>17:43:42
                     </div>
                     <div>
                        <b>End time: </b>17:44:01
                     </div>
                     <div>
                        <b>Duration: </b>18s
                        
                     </div>
                  </div>
               </td>
            </tr>
            <tr></tr>
            <tr id="com.test.ng.TestLoginFail_tearDown_byClass_PASS3_row"
                class="testMethodStatusPASS testMethodStatusCONF">
               <td width="100%" class="firstMethodCell">
                  <a onclick="toggleDetailsVisibility('com.test.ng.TestLoginFail_tearDown_byClass_PASS3_details')">tearDown()</a>
               </td>
               <td nowrap="true">17:44:01</td>
               <td nowrap="true" align="right">3s
                  
               </td>
               <td nowrap="true">
                   
                  
               </td>
            </tr>
            <tr>
               <td colspan="4" class="detailsBox">
                  <div id="com.test.ng.TestLoginFail_tearDown_byClass_PASS3_details"
                       class="testMethodDetails">
                     <div>
                        <b>Name: </b>tearDown
                     </div>
                     <div>
                        <b>Signature: </b>tearDown()[pri:0, instance:com.test.ng.TestLoginFail@2be94b0f]
                     </div>
                     <div>
                        <b>Start time: </b>17:44:01
                     </div>
                     <div>
                        <b>End time: </b>17:44:04
                     </div>
                     <div>
                        <b>Duration: </b>3s
                        
                     </div>
                  </div>
               </td>
            </tr>
            <tr></tr>
         </table>
         <br></br>
      </div>
      <div style="margin-top: 15px; color: gray; text-align: center; font-size: 9px;">
         Generated with
         
         <a href="http://code.google.com/p/testng-xslt/" style="color: #8888aa;"
            target="_blank">
            TestNG XSLT
            
         </a>
      </div>
   </body>
</html>